~/eclipse-workspace/zendeskSearchApp $ ll
total 8
drwxr-xr-x  3 shiguangli  staff    96 Jul 14 16:53 src
-rw-r--r--  1 shiguangli  staff  2674 Jul 14 21:52 pom.xml
~/eclipse-workspace/zendeskSearchApp $ mvn install
[INFO] Scanning for projects...
[WARNING] 
[WARNING] Some problems were encountered while building the effective model for com.zendesk.search:zendeskSearchApp:jar:0.0.1-SNAPSHOT
[WARNING] 'build.plugins.plugin.version' for org.apache.maven.plugins:maven-jar-plugin is missing. @ line 64, column 12
[WARNING] 
[WARNING] It is highly recommended to fix these problems because they threaten the stability of your build.
[WARNING] 
[WARNING] For this reason, future Maven versions might no longer support building such malformed projects.
[WARNING] 
[INFO] 
[INFO] ----------------< com.zendesk.search:zendeskSearchApp >-----------------
[INFO] Building zendeskSearchApp 0.0.1-SNAPSHOT
[INFO] --------------------------------[ jar ]---------------------------------
[INFO] 
[INFO] --- maven-resources-plugin:2.6:resources (default-resources) @ zendeskSearchApp ---
[INFO] Using 'UTF-8' encoding to copy filtered resources.
[INFO] skip non existing resourceDirectory /Users/shiguangli/eclipse-workspace/zendeskSearchApp/src/main/resources
[INFO] 
[INFO] --- maven-compiler-plugin:2.3.2:compile (default-compile) @ zendeskSearchApp ---
[INFO] Compiling 19 source files to /Users/shiguangli/eclipse-workspace/zendeskSearchApp/target/classes
[INFO] 
[INFO] --- maven-resources-plugin:2.6:testResources (default-testResources) @ zendeskSearchApp ---
[INFO] Using 'UTF-8' encoding to copy filtered resources.
[INFO] skip non existing resourceDirectory /Users/shiguangli/eclipse-workspace/zendeskSearchApp/src/test/resources
[INFO] 
[INFO] --- maven-compiler-plugin:2.3.2:testCompile (default-testCompile) @ zendeskSearchApp ---
[INFO] No sources to compile
[INFO] 
[INFO] --- maven-surefire-plugin:2.12.4:test (default-test) @ zendeskSearchApp ---
[INFO] No tests to run.
[INFO] 
[INFO] --- maven-jar-plugin:2.4:jar (default-jar) @ zendeskSearchApp ---
[INFO] Building jar: /Users/shiguangli/eclipse-workspace/zendeskSearchApp/target/zendesksearch.jar
[INFO] 
[INFO] --- maven-dependency-plugin:3.1.1:copy-dependencies (copy-dependencies) @ zendeskSearchApp ---
[INFO] Copying jackson-databind-2.5.3.jar to /Users/shiguangli/eclipse-workspace/zendeskSearchApp/target/lib/jackson-databind-2.5.3.jar
[INFO] Copying jackson-annotations-2.5.0.jar to /Users/shiguangli/eclipse-workspace/zendeskSearchApp/target/lib/jackson-annotations-2.5.0.jar
[INFO] Copying jackson-core-2.5.3.jar to /Users/shiguangli/eclipse-workspace/zendeskSearchApp/target/lib/jackson-core-2.5.3.jar
[INFO] 
[INFO] --- maven-install-plugin:2.4:install (default-install) @ zendeskSearchApp ---
[INFO] Installing /Users/shiguangli/eclipse-workspace/zendeskSearchApp/target/zendesksearch.jar to /Users/shiguangli/.m2/repository/com/zendesk/search/zendeskSearchApp/0.0.1-SNAPSHOT/zendeskSearchApp-0.0.1-SNAPSHOT.jar
[INFO] Installing /Users/shiguangli/eclipse-workspace/zendeskSearchApp/pom.xml to /Users/shiguangli/.m2/repository/com/zendesk/search/zendeskSearchApp/0.0.1-SNAPSHOT/zendeskSearchApp-0.0.1-SNAPSHOT.pom
[INFO] ------------------------------------------------------------------------
[INFO] BUILD SUCCESS
[INFO] ------------------------------------------------------------------------
[INFO] Total time:  3.405 s
[INFO] Finished at: 2019-07-14T21:53:52-04:00
[INFO] ------------------------------------------------------------------------
~/eclipse-workspace/zendeskSearchApp $ ll
total 8
drwxr-xr-x  3 shiguangli  staff    96 Jul 14 16:53 src
-rw-r--r--  1 shiguangli  staff  2674 Jul 14 21:52 pom.xml
drwxr-xr-x  7 shiguangli  staff   224 Jul 14 21:53 target
